<?xml version="1.0" encoding="UTF-8"?>
<!-- Generated by org.testng.reporters.JUnitReportReporter -->
<testsuite hostname="Shohags-MacBook-Air.local" failures="0" tests="5" name="DemoQAHomePageTest" time="0.443" errors="0" timestamp="2022-08-22T09:50:02 CDT" skipped="0">
  <testcase classname="DemoQAHomePageTest" name="validateAllMenuPresent" time="0.387"/>
  <system-out/>
  <testcase classname="DemoQAHomePageTest" name="testTitle" time="0.003"/>
  <system-out/>
  <testcase classname="DemoQAHomePageTest" name="varifyBannerIsVisible" time="0.019"/>
  <system-out/>
  <testcase classname="DemoQAHomePageTest" name="verifyIfTheLogoIsVisible" time="0.021"/>
  <system-out/>
  <testcase classname="DemoQAHomePageTest" name="validateFooter" time="0.013"/>
  <system-out/>
</testsuite> <!-- DemoQAHomePageTest -->
