<?xml version="1.0" encoding="UTF-8"?>
<!-- Generated by org.testng.reporters.JUnitReportReporter -->
<testsuite hostname="Shohags-MacBook-Air.local" failures="0" tests="1" name="Misc_Exercise.DynamicPropertiesTest" time="5.388" errors="0" timestamp="2022-08-22T09:50:02 CDT" skipped="0">
  <testcase classname="Misc_Exercise.DynamicPropertiesTest" name="testElementWaitForClickable" time="5.388"/>
  <system-out/>
</testsuite> <!-- Misc_Exercise.DynamicPropertiesTest -->
